**** Incremental Build [Mon, 16 Sep 2019 15:17:37] ****
 Project: Chain
 Configuration: HiFi_EP5_RTK
 Build Target: Release
********************************

"C:\\usr\\xtensa\\XtDevTools\\install\\tools\\RD-2011.3-win32\\XtensaTools\\bin\\xt-xcc" -c -g -O3 -fmessage-length=0 -I "\"C:/usr/xtensa/Xplorer-8.0.10-workspaces/workspace/Chain\"" -DPROC_HiFi_EP5_RTK -DCONFIG_HiFi_EP5_RTK --xtensa-system=C:/usr/xtensa/XtDevTools/install/builds/RD-2011.3-win32/HiFi_EP5_RTK/config --xtensa-core=HiFi_EP5_RTK --xtensa-params= "\"C:/usr/xtensa/Xplorer-8.0.10-workspaces/workspace/Chain/main.c\"" -o "\"C:/usr/xtensa/Xplorer-8.0.10-workspaces/workspace/Chain/bin/HiFi_EP5_RTK/Release/main.o\"" 
Time taken: 1272 ms 

"C:\\usr\\xtensa\\XtDevTools\\install\\tools\\RD-2011.3-win32\\XtensaTools\\bin\\xt-xc++" -Wl,@C:/usr/xtensa/Xplorer-8.0.10-workspaces/workspace/Chain/bin/HiFi_EP5_RTK/Release/objfiles.list -o C:/usr/xtensa/Xplorer-8.0.10-workspaces/workspace/Chain/bin/HiFi_EP5_RTK/Release/Chain.minsize -mlsp=sim -Wl,-r -nostdlib --xtensa-system=C:/usr/xtensa/XtDevTools/install/builds/RD-2011.3-win32/HiFi_EP5_RTK/config --xtensa-core=HiFi_EP5_RTK --xtensa-params= 
Time taken: 414 ms 

"C:\\usr\\xtensa\\XtDevTools\\install\\tools\\RD-2011.3-win32\\XtensaTools\\bin\\xt-xc++" -Wl,@C:/usr/xtensa/Xplorer-8.0.10-workspaces/workspace/Chain/bin/HiFi_EP5_RTK/Release/objfiles.list -o C:/usr/xtensa/Xplorer-8.0.10-workspaces/workspace/Chain/bin/HiFi_EP5_RTK/Release/Chain -mlsp=sim --xtensa-system=C:/usr/xtensa/XtDevTools/install/builds/RD-2011.3-win32/HiFi_EP5_RTK/config --xtensa-core=HiFi_EP5_RTK --xtensa-params= 
Time taken: 518 ms 

******* Code size summary *****

"C:\\usr\\xtensa\\XtDevTools\\install\\tools\\RD-2011.3-win32\\XtensaTools\\bin\\xt-size" -C C:/usr/xtensa/Xplorer-8.0.10-workspaces/workspace/Chain/bin/HiFi_EP5_RTK/Release/Chain 
TYPE   	   text	 rodata	   data	    bss	    dec    hex	filename
code   	  41136	      0	      0	      0	  41136	   a0b0	C:/usr/xtensa/Xplorer-8.0.10-workspaces/workspace/Chain/bin/HiFi_EP5_RTK/Release/Chain
literal	    892	      0	      0	      0	    892	    37c	C:/usr/xtensa/Xplorer-8.0.10-workspaces/workspace/Chain/bin/HiFi_EP5_RTK/Release/Chain
other  	   1047	      0	   6000	    112	   7159	   1bf7	C:/usr/xtensa/Xplorer-8.0.10-workspaces/workspace/Chain/bin/HiFi_EP5_RTK/Release/Chain
Total  	  43075	      0	   6000	    112	  49187	   c023	C:/usr/xtensa/Xplorer-8.0.10-workspaces/workspace/Chain/bin/HiFi_EP5_RTK/Release/Chain

Time taken: 266 ms 

******* ************** *****

Build successful !!
Total time taken: 2.521 secs
**** Build Finished [Mon, 16 Sep 2019 15:17:40] ****
